<?xml version="1.0" encoding="UTF-8"?>
<!-- Generated by org.testng.reporters.JUnitXMLReporter -->
<testsuite ignored="0" hostname="Tushar" failures="0" tests="7" name="Default test" time="51.986" errors="0" timestamp="27 Apr 2023 08:32:13 GMT">
  <testcase classname="ExtentReportBasicDemo.DemoExtentReport" name="TestCase_001" time="0.028"/>
  <testcase classname="ExtentReportBasicDemo.DemoExtentReport" name="TestCase_002" time="3.051"/>
  <testcase classname="ExtentReportBasicDemo.DemoExtentReport" name="TestCase_003" time="0.951"/>
  <testcase classname="ExtentReportBasicDemo.DemoExtentReport" name="TestCase_004" time="4.931"/>
  <testcase classname="MyTestCases.TC_01" name="logintest" time="4.663"/>
  <testcase classname="MyTestCases.TC_01" name="logintest" time="3.658"/>
  <testcase classname="MyTestCases.TC_02" name="reviewtest" time="28.248"/>
</testsuite> <!-- Default test -->
